<?xml version="1.0" encoding="UTF-8"?>
<testsuite name="javier.guijarro.calculadora.CalculadoraApplicationTests" tests="1" skipped="0" failures="0" errors="0" timestamp="2019-04-15T14:34:37" hostname="localhost.localdomain" time="0.508">
  <properties/>
  <testcase name="contextLoads" classname="javier.guijarro.calculadora.CalculadoraApplicationTests" time="0.508"/>
  <system-out><![CDATA[16:34:32.967 [Test worker] DEBUG org.springframework.test.context.junit4.SpringJUnit4ClassRunner - SpringJUnit4ClassRunner constructor called with [class javier.guijarro.calculadora.CalculadoraApplicationTests]
16:34:32.982 [Test worker] DEBUG org.springframework.test.context.BootstrapUtils - Instantiating CacheAwareContextLoaderDelegate from class [org.springframework.test.context.cache.DefaultCacheAwareContextLoaderDelegate]
16:34:32.995 [Test worker] DEBUG org.springframework.test.context.BootstrapUtils - Instantiating BootstrapContext using constructor [public org.springframework.test.context.support.DefaultBootstrapContext(java.lang.Class,org.springframework.test.context.CacheAwareContextLoaderDelegate)]
16:34:33.032 [Test worker] DEBUG org.springframework.test.context.BootstrapUtils - Instantiating TestContextBootstrapper for test class [javier.guijarro.calculadora.CalculadoraApplicationTests] from class [org.springframework.boot.test.context.SpringBootTestContextBootstrapper]
16:34:33.050 [Test worker] INFO org.springframework.boot.test.context.SpringBootTestContextBootstrapper - Neither @ContextConfiguration nor @ContextHierarchy found for test class [javier.guijarro.calculadora.CalculadoraApplicationTests], using SpringBootContextLoader
16:34:33.055 [Test worker] DEBUG org.springframework.test.context.support.AbstractContextLoader - Did not detect default resource location for test class [javier.guijarro.calculadora.CalculadoraApplicationTests]: class path resource [javier/guijarro/calculadora/CalculadoraApplicationTests-context.xml] does not exist
16:34:33.056 [Test worker] DEBUG org.springframework.test.context.support.AbstractContextLoader - Did not detect default resource location for test class [javier.guijarro.calculadora.CalculadoraApplicationTests]: class path resource [javier/guijarro/calculadora/CalculadoraApplicationTestsContext.groovy] does not exist
16:34:33.057 [Test worker] INFO org.springframework.test.context.support.AbstractContextLoader - Could not detect default resource locations for test class [javier.guijarro.calculadora.CalculadoraApplicationTests]: no resource found for suffixes {-context.xml, Context.groovy}.
16:34:33.058 [Test worker] INFO org.springframework.test.context.support.AnnotationConfigContextLoaderUtils - Could not detect default configuration classes for test class [javier.guijarro.calculadora.CalculadoraApplicationTests]: CalculadoraApplicationTests does not declare any static, non-private, non-final, nested classes annotated with @Configuration.
16:34:33.150 [Test worker] DEBUG org.springframework.test.context.support.ActiveProfilesUtils - Could not find an 'annotation declaring class' for annotation type [org.springframework.test.context.ActiveProfiles] and class [javier.guijarro.calculadora.CalculadoraApplicationTests]
16:34:33.298 [Test worker] DEBUG org.springframework.context.annotation.ClassPathScanningCandidateComponentProvider - Identified candidate component class: file [/root/practicas/calculadora/build/classes/java/main/javier/guijarro/calculadora/CalculadoraApplication.class]
16:34:33.311 [Test worker] INFO org.springframework.boot.test.context.SpringBootTestContextBootstrapper - Found @SpringBootConfiguration javier.guijarro.calculadora.CalculadoraApplication for test class javier.guijarro.calculadora.CalculadoraApplicationTests
16:34:33.487 [Test worker] DEBUG org.springframework.boot.test.context.SpringBootTestContextBootstrapper - @TestExecutionListeners is not present for class [javier.guijarro.calculadora.CalculadoraApplicationTests]: using defaults.
16:34:33.488 [Test worker] INFO org.springframework.boot.test.context.SpringBootTestContextBootstrapper - Loaded default TestExecutionListener class names from location [META-INF/spring.factories]: [org.springframework.boot.test.autoconfigure.restdocs.RestDocsTestExecutionListener, org.springframework.boot.test.autoconfigure.web.client.MockRestServiceServerResetTestExecutionListener, org.springframework.boot.test.autoconfigure.web.servlet.MockMvcPrintOnlyOnFailureTestExecutionListener, org.springframework.boot.test.autoconfigure.web.servlet.WebDriverTestExecutionListener, org.springframework.boot.test.mock.mockito.MockitoTestExecutionListener, org.springframework.boot.test.mock.mockito.ResetMocksTestExecutionListener, org.springframework.test.context.web.ServletTestExecutionListener, org.springframework.test.context.support.DirtiesContextBeforeModesTestExecutionListener, org.springframework.test.context.support.DependencyInjectionTestExecutionListener, org.springframework.test.context.support.DirtiesContextTestExecutionListener, org.springframework.test.context.transaction.TransactionalTestExecutionListener, org.springframework.test.context.jdbc.SqlScriptsTestExecutionListener]
16:34:33.504 [Test worker] DEBUG org.springframework.boot.test.context.SpringBootTestContextBootstrapper - Skipping candidate TestExecutionListener [org.springframework.test.context.transaction.TransactionalTestExecutionListener] due to a missing dependency. Specify custom listener classes or make the default listener classes and their required dependencies available. Offending class: [org/springframework/transaction/TransactionDefinition]
16:34:33.506 [Test worker] DEBUG org.springframework.boot.test.context.SpringBootTestContextBootstrapper - Skipping candidate TestExecutionListener [org.springframework.test.context.jdbc.SqlScriptsTestExecutionListener] due to a missing dependency. Specify custom listener classes or make the default listener classes and their required dependencies available. Offending class: [org/springframework/transaction/interceptor/TransactionAttribute]
16:34:33.508 [Test worker] INFO org.springframework.boot.test.context.SpringBootTestContextBootstrapper - Using TestExecutionListeners: [org.springframework.test.context.web.ServletTestExecutionListener@60f3594e, org.springframework.test.context.support.DirtiesContextBeforeModesTestExecutionListener@39e1dc89, org.springframework.boot.test.mock.mockito.MockitoTestExecutionListener@278ca50a, org.springframework.boot.test.autoconfigure.SpringBootDependencyInjectionTestExecutionListener@5af68835, org.springframework.test.context.support.DirtiesContextTestExecutionListener@2035830c, org.springframework.boot.test.autoconfigure.restdocs.RestDocsTestExecutionListener@17071617, org.springframework.boot.test.autoconfigure.web.client.MockRestServiceServerResetTestExecutionListener@55614508, org.springframework.boot.test.autoconfigure.web.servlet.MockMvcPrintOnlyOnFailureTestExecutionListener@3bb8c8b1, org.springframework.boot.test.autoconfigure.web.servlet.WebDriverTestExecutionListener@37191129, org.springframework.boot.test.mock.mockito.ResetMocksTestExecutionListener@18810e73]
16:34:33.515 [Test worker] DEBUG org.springframework.test.annotation.ProfileValueUtils - Retrieved @ProfileValueSourceConfiguration [null] for test class [javier.guijarro.calculadora.CalculadoraApplicationTests]
16:34:33.516 [Test worker] DEBUG org.springframework.test.annotation.ProfileValueUtils - Retrieved ProfileValueSource type [class org.springframework.test.annotation.SystemProfileValueSource] for class [javier.guijarro.calculadora.CalculadoraApplicationTests]
16:34:33.517 [Test worker] DEBUG org.springframework.test.annotation.ProfileValueUtils - Retrieved @ProfileValueSourceConfiguration [null] for test class [javier.guijarro.calculadora.CalculadoraApplicationTests]
16:34:33.517 [Test worker] DEBUG org.springframework.test.annotation.ProfileValueUtils - Retrieved ProfileValueSource type [class org.springframework.test.annotation.SystemProfileValueSource] for class [javier.guijarro.calculadora.CalculadoraApplicationTests]
16:34:33.525 [Test worker] DEBUG org.springframework.test.context.support.AbstractDirtiesContextTestExecutionListener - Before test class: context [DefaultTestContext@27b11821 testClass = CalculadoraApplicationTests, testInstance = [null], testMethod = [null], testException = [null], mergedContextConfiguration = [WebMergedContextConfiguration@527ffe20 testClass = CalculadoraApplicationTests, locations = '{}', classes = '{class javier.guijarro.calculadora.CalculadoraApplication}', contextInitializerClasses = '[]', activeProfiles = '{}', propertySourceLocations = '{}', propertySourceProperties = '{org.springframework.boot.test.context.SpringBootTestContextBootstrapper=true}', contextCustomizers = set[org.springframework.boot.test.autoconfigure.properties.PropertyMappingContextCustomizer@0, org.springframework.boot.test.autoconfigure.web.servlet.WebDriverContextCustomizerFactory$Customizer@29fc28e5, org.springframework.boot.test.context.filter.ExcludeFilterContextCustomizer@6fcfc70e, org.springframework.boot.test.json.DuplicateJsonObjectContextCustomizerFactory$DuplicateJsonObjectContextCustomizer@366f0302, org.springframework.boot.test.mock.mockito.MockitoContextCustomizer@0, org.springframework.boot.test.web.client.TestRestTemplateContextCustomizer@41c9b28d], resourceBasePath = 'src/main/webapp', contextLoader = 'org.springframework.boot.test.context.SpringBootContextLoader', parent = [null]], attributes = map['org.springframework.test.context.web.ServletTestExecutionListener.activateListener' -> true]], class annotated with @DirtiesContext [false] with mode [null].
16:34:33.527 [Test worker] DEBUG org.springframework.test.annotation.ProfileValueUtils - Retrieved @ProfileValueSourceConfiguration [null] for test class [javier.guijarro.calculadora.CalculadoraApplicationTests]
16:34:33.527 [Test worker] DEBUG org.springframework.test.annotation.ProfileValueUtils - Retrieved ProfileValueSource type [class org.springframework.test.annotation.SystemProfileValueSource] for class [javier.guijarro.calculadora.CalculadoraApplicationTests]
16:34:33.557 [Test worker] DEBUG org.springframework.test.context.support.TestPropertySourceUtils - Adding inlined properties to environment: {spring.jmx.enabled=false, org.springframework.boot.test.context.SpringBootTestContextBootstrapper=true, server.port=-1}

  .   ____          _            __ _ _
 /\\ / ___'_ __ _ _(_)_ __  __ _ \ \ \ \
( ( )\___ | '_ | '_| | '_ \/ _` | \ \ \ \
 \\/  ___)| |_)| | | | | || (_| |  ) ) ) )
  '  |____| .__|_| |_|_| |_\__, | / / / /
 =========|_|==============|___/=/_/_/_/
 :: Spring Boot ::        (v2.1.4.RELEASE)

2019-04-15 16:34:34.043  INFO 2736 --- [    Test worker] j.g.c.CalculadoraApplicationTests        : Starting CalculadoraApplicationTests on localhost.localdomain with PID 2736 (started by root in /root/practicas/calculadora)
2019-04-15 16:34:34.045  INFO 2736 --- [    Test worker] j.g.c.CalculadoraApplicationTests        : No active profile set, falling back to default profiles: default
2019-04-15 16:34:37.115  INFO 2736 --- [    Test worker] o.s.s.concurrent.ThreadPoolTaskExecutor  : Initializing ExecutorService 'applicationTaskExecutor'
2019-04-15 16:34:37.662  INFO 2736 --- [    Test worker] j.g.c.CalculadoraApplicationTests        : Started CalculadoraApplicationTests in 4.086 seconds (JVM running for 6.032)
]]></system-out>
  <system-err><![CDATA[]]></system-err>
</testsuite>
